2009-10-18 07:37:00 Warning: Warning (512): Cache not configured properly. Please check Cache::config(); in APP/config/core.php in [CORE/cake/libs/configure.php, line 663]
2009-10-18 07:37:00 Warning: Warning (2): array_merge() [<a href='http://php.net/function.array-merge'>function.array-merge</a>]: Argument #1 is not an array in [CORE/cake/libs/configure.php, line 684]
2009-10-18 07:37:00 Warning: Warning (2): array_merge() [<a href='http://php.net/function.array-merge'>function.array-merge</a>]: Argument #1 is not an array in [CORE/cake/libs/configure.php, line 691]
2009-10-18 07:43:10 Warning: Warning (512): Cache not configured properly. Please check Cache::config(); in APP/config/core.php in [CORE/cake/libs/configure.php, line 663]
2009-10-18 07:43:10 Warning: Warning (2): array_merge() [<a href='http://php.net/function.array-merge'>function.array-merge</a>]: Argument #1 is not an array in [CORE/cake/libs/configure.php, line 684]
2009-10-18 07:43:10 Warning: Warning (2): array_merge() [<a href='http://php.net/function.array-merge'>function.array-merge</a>]: Argument #1 is not an array in [CORE/cake/libs/configure.php, line 691]
2009-10-18 07:43:11 Warning: Warning (512): Cache not configured properly. Please check Cache::config(); in APP/config/core.php in [CORE/cake/libs/configure.php, line 663]
2009-10-18 07:43:11 Warning: Warning (2): array_merge() [<a href='http://php.net/function.array-merge'>function.array-merge</a>]: Argument #1 is not an array in [CORE/cake/libs/configure.php, line 684]
2009-10-18 07:43:11 Warning: Warning (2): array_merge() [<a href='http://php.net/function.array-merge'>function.array-merge</a>]: Argument #1 is not an array in [CORE/cake/libs/configure.php, line 691]
2009-10-18 07:49:04 Warning: Warning (512): Cache not configured properly. Please check Cache::config(); in APP/config/core.php in [CORE/cake/libs/configure.php, line 663]
2009-10-18 07:49:04 Warning: Warning (2): array_merge() [<a href='http://php.net/function.array-merge'>function.array-merge</a>]: Argument #1 is not an array in [CORE/cake/libs/configure.php, line 684]
2009-10-18 07:49:04 Warning: Warning (2): array_merge() [<a href='http://php.net/function.array-merge'>function.array-merge</a>]: Argument #1 is not an array in [CORE/cake/libs/configure.php, line 691]
2009-10-18 07:49:07 Warning: Warning (512): Cache not configured properly. Please check Cache::config(); in APP/config/core.php in [CORE/cake/libs/configure.php, line 663]
2009-10-18 07:49:07 Warning: Warning (2): array_merge() [<a href='http://php.net/function.array-merge'>function.array-merge</a>]: Argument #1 is not an array in [CORE/cake/libs/configure.php, line 684]
2009-10-18 07:49:07 Warning: Warning (2): array_merge() [<a href='http://php.net/function.array-merge'>function.array-merge</a>]: Argument #1 is not an array in [CORE/cake/libs/configure.php, line 691]
2009-10-18 07:49:09 Warning: Warning (512): Cache not configured properly. Please check Cache::config(); in APP/config/core.php in [CORE/cake/libs/configure.php, line 663]
2009-10-18 07:49:09 Warning: Warning (2): array_merge() [<a href='http://php.net/function.array-merge'>function.array-merge</a>]: Argument #1 is not an array in [CORE/cake/libs/configure.php, line 684]
2009-10-18 07:49:09 Warning: Warning (2): array_merge() [<a href='http://php.net/function.array-merge'>function.array-merge</a>]: Argument #1 is not an array in [CORE/cake/libs/configure.php, line 691]
2009-10-18 07:49:43 Warning: Warning (512): Cache not configured properly. Please check Cache::config(); in APP/config/core.php in [CORE/cake/libs/configure.php, line 663]
2009-10-18 07:49:43 Warning: Warning (2): array_merge() [<a href='http://php.net/function.array-merge'>function.array-merge</a>]: Argument #1 is not an array in [CORE/cake/libs/configure.php, line 684]
2009-10-18 07:49:43 Warning: Warning (2): array_merge() [<a href='http://php.net/function.array-merge'>function.array-merge</a>]: Argument #1 is not an array in [CORE/cake/libs/configure.php, line 691]
2009-10-18 07:49:44 Warning: Warning (512): Cache not configured properly. Please check Cache::config(); in APP/config/core.php in [CORE/cake/libs/configure.php, line 663]
2009-10-18 07:49:44 Warning: Warning (2): array_merge() [<a href='http://php.net/function.array-merge'>function.array-merge</a>]: Argument #1 is not an array in [CORE/cake/libs/configure.php, line 684]
2009-10-18 07:49:44 Warning: Warning (2): array_merge() [<a href='http://php.net/function.array-merge'>function.array-merge</a>]: Argument #1 is not an array in [CORE/cake/libs/configure.php, line 691]
2009-10-18 08:04:04 Warning: Warning (512): Cache not configured properly. Please check Cache::config(); in APP/config/core.php in [CORE/cake/libs/configure.php, line 663]
2009-10-18 08:04:04 Warning: Warning (2): array_merge() [<a href='http://php.net/function.array-merge'>function.array-merge</a>]: Argument #1 is not an array in [CORE/cake/libs/configure.php, line 684]
2009-10-18 08:04:04 Warning: Warning (2): array_merge() [<a href='http://php.net/function.array-merge'>function.array-merge</a>]: Argument #1 is not an array in [CORE/cake/libs/configure.php, line 691]
2009-10-18 08:04:07 Warning: Warning (512): Cache not configured properly. Please check Cache::config(); in APP/config/core.php in [CORE/cake/libs/configure.php, line 663]
2009-10-18 08:04:07 Warning: Warning (2): array_merge() [<a href='http://php.net/function.array-merge'>function.array-merge</a>]: Argument #1 is not an array in [CORE/cake/libs/configure.php, line 684]
2009-10-18 08:04:07 Warning: Warning (2): array_merge() [<a href='http://php.net/function.array-merge'>function.array-merge</a>]: Argument #1 is not an array in [CORE/cake/libs/configure.php, line 691]
2009-10-18 08:08:11 Warning: Warning (512): Cache not configured properly. Please check Cache::config(); in APP/config/core.php in [CORE/cake/libs/configure.php, line 663]
2009-10-18 08:08:11 Warning: Warning (2): array_merge() [<a href='http://php.net/function.array-merge'>function.array-merge</a>]: Argument #1 is not an array in [CORE/cake/libs/configure.php, line 684]
2009-10-18 08:08:11 Warning: Warning (2): array_merge() [<a href='http://php.net/function.array-merge'>function.array-merge</a>]: Argument #1 is not an array in [CORE/cake/libs/configure.php, line 691]
2009-10-18 08:09:05 Warning: Warning (512): Cache not configured properly. Please check Cache::config(); in APP/config/core.php in [CORE/cake/libs/configure.php, line 663]
2009-10-18 08:09:05 Warning: Warning (2): array_merge() [<a href='http://php.net/function.array-merge'>function.array-merge</a>]: Argument #1 is not an array in [CORE/cake/libs/configure.php, line 684]
2009-10-18 08:09:05 Warning: Warning (2): array_merge() [<a href='http://php.net/function.array-merge'>function.array-merge</a>]: Argument #1 is not an array in [CORE/cake/libs/configure.php, line 691]
2009-10-18 08:11:51 Warning: Warning (512): Cache not configured properly. Please check Cache::config(); in APP/config/core.php in [COREcake/libs/configure.php, line 663]
2009-10-18 08:11:51 Warning: Warning (2): array_merge() [<a href='http://php.net/function.array-merge'>function.array-merge</a>]: Argument #1 is not an array in [COREcake/libs/configure.php, line 684]
2009-10-18 08:11:51 Warning: Warning (2): array_merge() [<a href='http://php.net/function.array-merge'>function.array-merge</a>]: Argument #1 is not an array in [COREcake/libs/configure.php, line 691]
2009-10-18 08:11:54 Warning: Warning (512): Cache not configured properly. Please check Cache::config(); in APP/config/core.php in [COREcake/libs/configure.php, line 663]
2009-10-18 08:11:54 Warning: Warning (2): array_merge() [<a href='http://php.net/function.array-merge'>function.array-merge</a>]: Argument #1 is not an array in [COREcake/libs/configure.php, line 684]
2009-10-18 08:11:54 Warning: Warning (2): array_merge() [<a href='http://php.net/function.array-merge'>function.array-merge</a>]: Argument #1 is not an array in [COREcake/libs/configure.php, line 691]
2009-10-18 08:18:01 Warning: Warning (512): Cache not configured properly. Please check Cache::config(); in APP/config/core.php in [CORE/cake/libs/configure.php, line 663]
2009-10-18 08:18:01 Warning: Warning (2): array_merge() [<a href='http://php.net/function.array-merge'>function.array-merge</a>]: Argument #1 is not an array in [CORE/cake/libs/configure.php, line 684]
2009-10-18 08:18:01 Warning: Warning (2): array_merge() [<a href='http://php.net/function.array-merge'>function.array-merge</a>]: Argument #1 is not an array in [CORE/cake/libs/configure.php, line 691]
2013-09-17 04:38:58 Warning: Warning (512): Cache not configured properly. Please check Cache::config(); in APP/config/core.php in [CORE/cake/libs/configure.php, line 663]
2013-09-17 04:38:58 Warning: Warning (2): array_merge() [http://php.net/function.array-merge]: Argument #1 is not an array in [CORE/cake/libs/configure.php, line 684]
2013-09-17 04:38:58 Warning: Warning (2): array_merge() [http://php.net/function.array-merge]: Argument #1 is not an array in [CORE/cake/libs/configure.php, line 691]
2013-09-17 04:38:58 Warning: Warning (2): strtotime() [http://php.net/function.strtotime]: It is not safe to rely on the system's timezone settings. You are *required* to use the date.timezone setting or the date_default_timezone_set() function. In case you used any of those methods and you are still getting this warning, you most likely misspelled the timezone identifier. We selected 'UTC' for 'UTC/0.0/no DST' instead in [APP/controllers/notes_controller.php, line 30]
2013-09-17 04:38:58 Warning: Warning (2): date() [http://php.net/function.date]: It is not safe to rely on the system's timezone settings. You are *required* to use the date.timezone setting or the date_default_timezone_set() function. In case you used any of those methods and you are still getting this warning, you most likely misspelled the timezone identifier. We selected 'UTC' for 'UTC/0.0/no DST' instead in [APP/controllers/notes_controller.php, line 30]
